ERROR - 2023-05-06 19:05:07 --> Error connecting to the database: mysqli_sql_exception: Unknown database 'sho_database' in C:\laragon\www\system\Database\MySQLi\Connection.php:174
Stack trace:
#0 C:\laragon\www\system\Database\MySQLi\Connection.php(174): mysqli->real_connect('localhost', 'root', '', 'sho_database', 3306, '', 0)
#1 C:\laragon\www\system\Database\BaseConnection.php(391): CodeIgniter\Database\MySQLi\Connection->connect(false)
#2 C:\laragon\www\system\Database\BaseConnection.php(574): CodeIgniter\Database\BaseConnection->initialize()
#3 C:\laragon\www\app\Controllers\Home.php(10): CodeIgniter\Database\BaseConnection->query('SELECT * FROM t...')
#4 C:\laragon\www\system\CodeIgniter.php(934): App\Controllers\Home->index()
#5 C:\laragon\www\system\CodeIgniter.php(499): CodeIgniter\CodeIgniter->runController(Object(App\Controllers\Home))
#6 C:\laragon\www\system\CodeIgniter.php(368): CodeIgniter\CodeIgniter->handleRequest(NULL, Object(Config\Cache), false)
#7 C:\laragon\www\public\index.php(67): CodeIgniter\CodeIgniter->run()
#8 {main}

Next CodeIgniter\Database\Exceptions\DatabaseException: Unknown database 'sho_database' in C:\laragon\www\system\Database\MySQLi\Connection.php:218
Stack trace:
#0 C:\laragon\www\system\Database\BaseConnection.php(391): CodeIgniter\Database\MySQLi\Connection->connect(false)
#1 C:\laragon\www\system\Database\BaseConnection.php(574): CodeIgniter\Database\BaseConnection->initialize()
#2 C:\laragon\www\app\Controllers\Home.php(10): CodeIgniter\Database\BaseConnection->query('SELECT * FROM t...')
#3 C:\laragon\www\system\CodeIgniter.php(934): App\Controllers\Home->index()
#4 C:\laragon\www\system\CodeIgniter.php(499): CodeIgniter\CodeIgniter->runController(Object(App\Controllers\Home))
#5 C:\laragon\www\system\CodeIgniter.php(368): CodeIgniter\CodeIgniter->handleRequest(NULL, Object(Config\Cache), false)
#6 C:\laragon\www\public\index.php(67): CodeIgniter\CodeIgniter->run()
#7 {main}
CRITICAL - 2023-05-06 19:05:07 --> Unable to connect to the database.
Main connection [MySQLi]: Unknown database 'sho_database'
in SYSTEMPATH\Database\BaseConnection.php on line 427.
 1 SYSTEMPATH\Database\BaseConnection.php(574): CodeIgniter\Database\BaseConnection->initialize()
 2 APPPATH\Controllers\Home.php(10): CodeIgniter\Database\BaseConnection->query('SELECT * FROM teste')
 3 SYSTEMPATH\CodeIgniter.php(934): App\Controllers\Home->index()
 4 SYSTEMPATH\CodeIgniter.php(499): CodeIgniter\CodeIgniter->runController(Object(App\Controllers\Home))
 5 SYSTEMPATH\CodeIgniter.php(368): CodeIgniter\CodeIgniter->handleRequest(null, Object(Config\Cache), false)
 6 FCPATH\index.php(67): CodeIgniter\CodeIgniter->run()
