INFO - 2023-05-20 19:00:37 --> Session: Class initialized using 'CodeIgniter\Session\Handlers\FileHandler' driver.
INFO - 2023-05-20 19:06:13 --> Session: Class initialized using 'CodeIgniter\Session\Handlers\FileHandler' driver.
ERROR - 2023-05-20 19:34:39 --> mysqli_sql_exception: Unknown column 'email' in 'field list' in D:\laragon\www\system\Database\MySQLi\Connection.php:295
Stack trace:
#0 D:\laragon\www\system\Database\MySQLi\Connection.php(295): mysqli->query('INSERT INTO adm...', 0)
#1 D:\laragon\www\system\Database\BaseConnection.php(692): CodeIgniter\Database\MySQLi\Connection->execute('INSERT INTO adm...')
#2 D:\laragon\www\system\Database\BaseConnection.php(606): CodeIgniter\Database\BaseConnection->simpleQuery('INSERT INTO adm...')
#3 D:\laragon\www\app\Database\Seeds\Admin.php(18): CodeIgniter\Database\BaseConnection->query('INSERT INTO adm...', Array)
#4 D:\laragon\www\system\Database\Seeder.php(146): App\Database\Seeds\Admin->run()
#5 D:\laragon\www\system\Commands\Database\Seed.php(77): CodeIgniter\Database\Seeder->call('App\\Database\\Se...')
#6 D:\laragon\www\system\CLI\Commands.php(65): CodeIgniter\Commands\Database\Seed->run(Array)
#7 D:\laragon\www\system\CLI\Console.php(37): CodeIgniter\CLI\Commands->run('db:seed', Array)
#8 D:\laragon\www\spark(97): CodeIgniter\CLI\Console->run()
#9 {main}
INFO - 2023-05-20 20:07:58 --> Session: Class initialized using 'CodeIgniter\Session\Handlers\FileHandler' driver.
ERROR - 2023-05-20 20:07:58 --> mysqli_sql_exception: Unknown column 'criado_em' in 'field list' in D:\laragon\www\system\Database\MySQLi\Connection.php:295
Stack trace:
#0 D:\laragon\www\system\Database\MySQLi\Connection.php(295): mysqli->query('INSERT INTO `us...', 0)
#1 D:\laragon\www\system\Database\BaseConnection.php(692): CodeIgniter\Database\MySQLi\Connection->execute('INSERT INTO `us...')
#2 D:\laragon\www\system\Database\BaseConnection.php(606): CodeIgniter\Database\BaseConnection->simpleQuery('INSERT INTO `us...')
#3 D:\laragon\www\system\Database\BaseBuilder.php(2309): CodeIgniter\Database\BaseConnection->query('INSERT INTO `us...', Array, false)
#4 D:\laragon\www\system\Model.php(330): CodeIgniter\Database\BaseBuilder->insert()
#5 D:\laragon\www\system\BaseModel.php(782): CodeIgniter\Model->doInsert(Array)
#6 D:\laragon\www\system\Model.php(730): CodeIgniter\BaseModel->insert(Array, true)
#7 D:\laragon\www\app\Controllers\Admin.php(96): CodeIgniter\Model->insert(Array)
#8 D:\laragon\www\system\CodeIgniter.php(934): App\Controllers\Admin->cadastrar()
#9 D:\laragon\www\system\CodeIgniter.php(499): CodeIgniter\CodeIgniter->runController(Object(App\Controllers\Admin))
#10 D:\laragon\www\system\CodeIgniter.php(368): CodeIgniter\CodeIgniter->handleRequest(NULL, Object(Config\Cache), false)
#11 D:\laragon\www\public\index.php(67): CodeIgniter\CodeIgniter->run()
#12 {main}
CRITICAL - 2023-05-20 20:07:58 --> Unknown column 'criado_em' in 'field list'
in SYSTEMPATH\Database\MySQLi\Connection.php on line 295.
 1 SYSTEMPATH\Database\MySQLi\Connection.php(295): mysqli->query('INSERT INTO `usuarios` (`nome`, `email`, `senha`, `criado_em`, `atualizado_em`) VALUES (\'Chrislan\', \'chrislan06@gmail.com\', \'$argon2id$v=19$m=65536,t=4,p=1$bGVrQVhINC5RSnlnUS5pNQ$nxtEcvY/iw+rLj9GftFeLK42ELExb8KFENoXS+6AqJU\', \'2023-05-20 20:07:58\', \'2023-05-20 20:07:58\')', 0)
 2 SYSTEMPATH\Database\BaseConnection.php(692): CodeIgniter\Database\MySQLi\Connection->execute('INSERT INTO `usuarios` (`nome`, `email`, `senha`, `criado_em`, `atualizado_em`) VALUES (\'Chrislan\', \'chrislan06@gmail.com\', \'$argon2id$v=19$m=65536,t=4,p=1$bGVrQVhINC5RSnlnUS5pNQ$nxtEcvY/iw+rLj9GftFeLK42ELExb8KFENoXS+6AqJU\', \'2023-05-20 20:07:58\', \'2023-05-20 20:07:58\')')
 3 SYSTEMPATH\Database\BaseConnection.php(606): CodeIgniter\Database\BaseConnection->simpleQuery('INSERT INTO `usuarios` (`nome`, `email`, `senha`, `criado_em`, `atualizado_em`) VALUES (\'Chrislan\', \'chrislan06@gmail.com\', \'$argon2id$v=19$m=65536,t=4,p=1$bGVrQVhINC5RSnlnUS5pNQ$nxtEcvY/iw+rLj9GftFeLK42ELExb8KFENoXS+6AqJU\', \'2023-05-20 20:07:58\', \'2023-05-20 20:07:58\')')
 4 SYSTEMPATH\Database\BaseBuilder.php(2309): CodeIgniter\Database\BaseConnection->query('INSERT INTO `usuarios` (`nome`, `email`, `senha`, `criado_em`, `atualizado_em`) VALUES (:nome:, :email:, :senha:, :criado_em:, :atualizado_em:)', [...], false)
 5 SYSTEMPATH\Model.php(330): CodeIgniter\Database\BaseBuilder->insert()
 6 SYSTEMPATH\BaseModel.php(782): CodeIgniter\Model->doInsert([...])
 7 SYSTEMPATH\Model.php(730): CodeIgniter\BaseModel->insert([...], true)
 8 APPPATH\Controllers\Admin.php(96): CodeIgniter\Model->insert([...])
 9 SYSTEMPATH\CodeIgniter.php(934): App\Controllers\Admin->cadastrar()
10 SYSTEMPATH\CodeIgniter.php(499): CodeIgniter\CodeIgniter->runController(Object(App\Controllers\Admin))
11 SYSTEMPATH\CodeIgniter.php(368): CodeIgniter\CodeIgniter->handleRequest(null, Object(Config\Cache), false)
12 FCPATH\index.php(67): CodeIgniter\CodeIgniter->run()
INFO - 2023-05-20 20:09:29 --> Session: Class initialized using 'CodeIgniter\Session\Handlers\FileHandler' driver.
INFO - 2023-05-20 20:09:31 --> Session: Class initialized using 'CodeIgniter\Session\Handlers\FileHandler' driver.
INFO - 2023-05-20 20:09:42 --> Session: Class initialized using 'CodeIgniter\Session\Handlers\FileHandler' driver.
INFO - 2023-05-20 20:10:27 --> Session: Class initialized using 'CodeIgniter\Session\Handlers\FileHandler' driver.
INFO - 2023-05-20 20:10:27 --> Session: Class initialized using 'CodeIgniter\Session\Handlers\FileHandler' driver.
INFO - 2023-05-20 20:10:27 --> Session: Class initialized using 'CodeIgniter\Session\Handlers\FileHandler' driver.
INFO - 2023-05-20 20:10:32 --> Session: Class initialized using 'CodeIgniter\Session\Handlers\FileHandler' driver.
INFO - 2023-05-20 20:10:32 --> Session: Class initialized using 'CodeIgniter\Session\Handlers\FileHandler' driver.
INFO - 2023-05-20 20:10:32 --> Session: Class initialized using 'CodeIgniter\Session\Handlers\FileHandler' driver.
INFO - 2023-05-20 20:10:34 --> Session: Class initialized using 'CodeIgniter\Session\Handlers\FileHandler' driver.
INFO - 2023-05-20 20:11:27 --> Session: Class initialized using 'CodeIgniter\Session\Handlers\FileHandler' driver.
ERROR - 2023-05-20 20:11:27 --> mysqli_sql_exception: Unknown column 'data_nascimento' in 'field list' in D:\laragon\www\system\Database\MySQLi\Connection.php:295
Stack trace:
#0 D:\laragon\www\system\Database\MySQLi\Connection.php(295): mysqli->query('INSERT INTO `cl...', 0)
#1 D:\laragon\www\system\Database\BaseConnection.php(692): CodeIgniter\Database\MySQLi\Connection->execute('INSERT INTO `cl...')
#2 D:\laragon\www\system\Database\BaseConnection.php(606): CodeIgniter\Database\BaseConnection->simpleQuery('INSERT INTO `cl...')
#3 D:\laragon\www\system\Database\BaseBuilder.php(2309): CodeIgniter\Database\BaseConnection->query('INSERT INTO `cl...', Array, false)
#4 D:\laragon\www\system\Model.php(330): CodeIgniter\Database\BaseBuilder->insert()
#5 D:\laragon\www\system\BaseModel.php(782): CodeIgniter\Model->doInsert(Array)
#6 D:\laragon\www\system\Model.php(730): CodeIgniter\BaseModel->insert(Array, true)
#7 D:\laragon\www\app\Controllers\Cliente.php(52): CodeIgniter\Model->insert(Array)
#8 D:\laragon\www\system\CodeIgniter.php(934): App\Controllers\Cliente->cadastrar()
#9 D:\laragon\www\system\CodeIgniter.php(499): CodeIgniter\CodeIgniter->runController(Object(App\Controllers\Cliente))
#10 D:\laragon\www\system\CodeIgniter.php(368): CodeIgniter\CodeIgniter->handleRequest(NULL, Object(Config\Cache), false)
#11 D:\laragon\www\public\index.php(67): CodeIgniter\CodeIgniter->run()
#12 {main}
CRITICAL - 2023-05-20 20:11:27 --> Unknown column 'data_nascimento' in 'field list'
in SYSTEMPATH\Database\MySQLi\Connection.php on line 295.
 1 SYSTEMPATH\Database\MySQLi\Connection.php(295): mysqli->query('INSERT INTO `clientes` (`nome`, `rg`, `cpf`, `data_nascimento`, `criado_em`, `atualizado_em`) VALUES (\'Chrislan machado\', \'20161012048\', \'077.536.093-78\', \'2004-08-06 00:00:00\', \'2023-05-20 20:11:27\', \'2023-05-20 20:11:27\')', 0)
 2 SYSTEMPATH\Database\BaseConnection.php(692): CodeIgniter\Database\MySQLi\Connection->execute('INSERT INTO `clientes` (`nome`, `rg`, `cpf`, `data_nascimento`, `criado_em`, `atualizado_em`) VALUES (\'Chrislan machado\', \'20161012048\', \'077.536.093-78\', \'2004-08-06 00:00:00\', \'2023-05-20 20:11:27\', \'2023-05-20 20:11:27\')')
 3 SYSTEMPATH\Database\BaseConnection.php(606): CodeIgniter\Database\BaseConnection->simpleQuery('INSERT INTO `clientes` (`nome`, `rg`, `cpf`, `data_nascimento`, `criado_em`, `atualizado_em`) VALUES (\'Chrislan machado\', \'20161012048\', \'077.536.093-78\', \'2004-08-06 00:00:00\', \'2023-05-20 20:11:27\', \'2023-05-20 20:11:27\')')
 4 SYSTEMPATH\Database\BaseBuilder.php(2309): CodeIgniter\Database\BaseConnection->query('INSERT INTO `clientes` (`nome`, `rg`, `cpf`, `data_nascimento`, `criado_em`, `atualizado_em`) VALUES (:nome:, :rg:, :cpf:, :data_nascimento:, :criado_em:, :atualizado_em:)', [...], false)
 5 SYSTEMPATH\Model.php(330): CodeIgniter\Database\BaseBuilder->insert()
 6 SYSTEMPATH\BaseModel.php(782): CodeIgniter\Model->doInsert([...])
 7 SYSTEMPATH\Model.php(730): CodeIgniter\BaseModel->insert([...], true)
 8 APPPATH\Controllers\Cliente.php(52): CodeIgniter\Model->insert([...])
 9 SYSTEMPATH\CodeIgniter.php(934): App\Controllers\Cliente->cadastrar()
10 SYSTEMPATH\CodeIgniter.php(499): CodeIgniter\CodeIgniter->runController(Object(App\Controllers\Cliente))
11 SYSTEMPATH\CodeIgniter.php(368): CodeIgniter\CodeIgniter->handleRequest(null, Object(Config\Cache), false)
12 FCPATH\index.php(67): CodeIgniter\CodeIgniter->run()
INFO - 2023-05-20 20:11:48 --> Session: Class initialized using 'CodeIgniter\Session\Handlers\FileHandler' driver.
ERROR - 2023-05-20 20:11:48 --> mysqli_sql_exception: Unknown column 'atualizado_em' in 'field list' in D:\laragon\www\system\Database\MySQLi\Connection.php:295
Stack trace:
#0 D:\laragon\www\system\Database\MySQLi\Connection.php(295): mysqli->query('INSERT INTO `cl...', 0)
#1 D:\laragon\www\system\Database\BaseConnection.php(692): CodeIgniter\Database\MySQLi\Connection->execute('INSERT INTO `cl...')
#2 D:\laragon\www\system\Database\BaseConnection.php(606): CodeIgniter\Database\BaseConnection->simpleQuery('INSERT INTO `cl...')
#3 D:\laragon\www\system\Database\BaseBuilder.php(2309): CodeIgniter\Database\BaseConnection->query('INSERT INTO `cl...', Array, false)
#4 D:\laragon\www\system\Model.php(330): CodeIgniter\Database\BaseBuilder->insert()
#5 D:\laragon\www\system\BaseModel.php(782): CodeIgniter\Model->doInsert(Array)
#6 D:\laragon\www\system\Model.php(730): CodeIgniter\BaseModel->insert(Array, true)
#7 D:\laragon\www\app\Controllers\Cliente.php(52): CodeIgniter\Model->insert(Array)
#8 D:\laragon\www\system\CodeIgniter.php(934): App\Controllers\Cliente->cadastrar()
#9 D:\laragon\www\system\CodeIgniter.php(499): CodeIgniter\CodeIgniter->runController(Object(App\Controllers\Cliente))
#10 D:\laragon\www\system\CodeIgniter.php(368): CodeIgniter\CodeIgniter->handleRequest(NULL, Object(Config\Cache), false)
#11 D:\laragon\www\public\index.php(67): CodeIgniter\CodeIgniter->run()
#12 {main}
CRITICAL - 2023-05-20 20:11:48 --> Unknown column 'atualizado_em' in 'field list'
in SYSTEMPATH\Database\MySQLi\Connection.php on line 295.
 1 SYSTEMPATH\Database\MySQLi\Connection.php(295): mysqli->query('INSERT INTO `clientes` (`nome`, `rg`, `cpf`, `data_nascimento`, `criado_em`, `atualizado_em`) VALUES (\'Chrislan machado\', \'20161012048\', \'077.536.093-78\', \'2004-08-06 00:00:00\', \'2023-05-20 20:11:48\', \'2023-05-20 20:11:48\')', 0)
 2 SYSTEMPATH\Database\BaseConnection.php(692): CodeIgniter\Database\MySQLi\Connection->execute('INSERT INTO `clientes` (`nome`, `rg`, `cpf`, `data_nascimento`, `criado_em`, `atualizado_em`) VALUES (\'Chrislan machado\', \'20161012048\', \'077.536.093-78\', \'2004-08-06 00:00:00\', \'2023-05-20 20:11:48\', \'2023-05-20 20:11:48\')')
 3 SYSTEMPATH\Database\BaseConnection.php(606): CodeIgniter\Database\BaseConnection->simpleQuery('INSERT INTO `clientes` (`nome`, `rg`, `cpf`, `data_nascimento`, `criado_em`, `atualizado_em`) VALUES (\'Chrislan machado\', \'20161012048\', \'077.536.093-78\', \'2004-08-06 00:00:00\', \'2023-05-20 20:11:48\', \'2023-05-20 20:11:48\')')
 4 SYSTEMPATH\Database\BaseBuilder.php(2309): CodeIgniter\Database\BaseConnection->query('INSERT INTO `clientes` (`nome`, `rg`, `cpf`, `data_nascimento`, `criado_em`, `atualizado_em`) VALUES (:nome:, :rg:, :cpf:, :data_nascimento:, :criado_em:, :atualizado_em:)', [...], false)
 5 SYSTEMPATH\Model.php(330): CodeIgniter\Database\BaseBuilder->insert()
 6 SYSTEMPATH\BaseModel.php(782): CodeIgniter\Model->doInsert([...])
 7 SYSTEMPATH\Model.php(730): CodeIgniter\BaseModel->insert([...], true)
 8 APPPATH\Controllers\Cliente.php(52): CodeIgniter\Model->insert([...])
 9 SYSTEMPATH\CodeIgniter.php(934): App\Controllers\Cliente->cadastrar()
10 SYSTEMPATH\CodeIgniter.php(499): CodeIgniter\CodeIgniter->runController(Object(App\Controllers\Cliente))
11 SYSTEMPATH\CodeIgniter.php(368): CodeIgniter\CodeIgniter->handleRequest(null, Object(Config\Cache), false)
12 FCPATH\index.php(67): CodeIgniter\CodeIgniter->run()
INFO - 2023-05-20 20:11:59 --> Session: Class initialized using 'CodeIgniter\Session\Handlers\FileHandler' driver.
ERROR - 2023-05-20 20:11:59 --> mysqli_sql_exception: Unknown column 'atualizado_em' in 'field list' in D:\laragon\www\system\Database\MySQLi\Connection.php:295
Stack trace:
#0 D:\laragon\www\system\Database\MySQLi\Connection.php(295): mysqli->query('INSERT INTO `cl...', 0)
#1 D:\laragon\www\system\Database\BaseConnection.php(692): CodeIgniter\Database\MySQLi\Connection->execute('INSERT INTO `cl...')
#2 D:\laragon\www\system\Database\BaseConnection.php(606): CodeIgniter\Database\BaseConnection->simpleQuery('INSERT INTO `cl...')
#3 D:\laragon\www\system\Database\BaseBuilder.php(2309): CodeIgniter\Database\BaseConnection->query('INSERT INTO `cl...', Array, false)
#4 D:\laragon\www\system\Model.php(330): CodeIgniter\Database\BaseBuilder->insert()
#5 D:\laragon\www\system\BaseModel.php(782): CodeIgniter\Model->doInsert(Array)
#6 D:\laragon\www\system\Model.php(730): CodeIgniter\BaseModel->insert(Array, true)
#7 D:\laragon\www\app\Controllers\Cliente.php(52): CodeIgniter\Model->insert(Array)
#8 D:\laragon\www\system\CodeIgniter.php(934): App\Controllers\Cliente->cadastrar()
#9 D:\laragon\www\system\CodeIgniter.php(499): CodeIgniter\CodeIgniter->runController(Object(App\Controllers\Cliente))
#10 D:\laragon\www\system\CodeIgniter.php(368): CodeIgniter\CodeIgniter->handleRequest(NULL, Object(Config\Cache), false)
#11 D:\laragon\www\public\index.php(67): CodeIgniter\CodeIgniter->run()
#12 {main}
CRITICAL - 2023-05-20 20:11:59 --> Unknown column 'atualizado_em' in 'field list'
in SYSTEMPATH\Database\MySQLi\Connection.php on line 295.
 1 SYSTEMPATH\Database\MySQLi\Connection.php(295): mysqli->query('INSERT INTO `clientes` (`nome`, `rg`, `cpf`, `data_nascimento`, `criado_em`, `atualizado_em`) VALUES (\'Chrislan machado\', \'20161012048\', \'077.536.093-78\', \'2004-08-06 00:00:00\', \'2023-05-20 20:11:59\', \'2023-05-20 20:11:59\')', 0)
 2 SYSTEMPATH\Database\BaseConnection.php(692): CodeIgniter\Database\MySQLi\Connection->execute('INSERT INTO `clientes` (`nome`, `rg`, `cpf`, `data_nascimento`, `criado_em`, `atualizado_em`) VALUES (\'Chrislan machado\', \'20161012048\', \'077.536.093-78\', \'2004-08-06 00:00:00\', \'2023-05-20 20:11:59\', \'2023-05-20 20:11:59\')')
 3 SYSTEMPATH\Database\BaseConnection.php(606): CodeIgniter\Database\BaseConnection->simpleQuery('INSERT INTO `clientes` (`nome`, `rg`, `cpf`, `data_nascimento`, `criado_em`, `atualizado_em`) VALUES (\'Chrislan machado\', \'20161012048\', \'077.536.093-78\', \'2004-08-06 00:00:00\', \'2023-05-20 20:11:59\', \'2023-05-20 20:11:59\')')
 4 SYSTEMPATH\Database\BaseBuilder.php(2309): CodeIgniter\Database\BaseConnection->query('INSERT INTO `clientes` (`nome`, `rg`, `cpf`, `data_nascimento`, `criado_em`, `atualizado_em`) VALUES (:nome:, :rg:, :cpf:, :data_nascimento:, :criado_em:, :atualizado_em:)', [...], false)
 5 SYSTEMPATH\Model.php(330): CodeIgniter\Database\BaseBuilder->insert()
 6 SYSTEMPATH\BaseModel.php(782): CodeIgniter\Model->doInsert([...])
 7 SYSTEMPATH\Model.php(730): CodeIgniter\BaseModel->insert([...], true)
 8 APPPATH\Controllers\Cliente.php(52): CodeIgniter\Model->insert([...])
 9 SYSTEMPATH\CodeIgniter.php(934): App\Controllers\Cliente->cadastrar()
10 SYSTEMPATH\CodeIgniter.php(499): CodeIgniter\CodeIgniter->runController(Object(App\Controllers\Cliente))
11 SYSTEMPATH\CodeIgniter.php(368): CodeIgniter\CodeIgniter->handleRequest(null, Object(Config\Cache), false)
12 FCPATH\index.php(67): CodeIgniter\CodeIgniter->run()
INFO - 2023-05-20 20:12:02 --> Session: Class initialized using 'CodeIgniter\Session\Handlers\FileHandler' driver.
ERROR - 2023-05-20 20:12:02 --> mysqli_sql_exception: Unknown column 'atualizado_em' in 'field list' in D:\laragon\www\system\Database\MySQLi\Connection.php:295
Stack trace:
#0 D:\laragon\www\system\Database\MySQLi\Connection.php(295): mysqli->query('INSERT INTO `cl...', 0)
#1 D:\laragon\www\system\Database\BaseConnection.php(692): CodeIgniter\Database\MySQLi\Connection->execute('INSERT INTO `cl...')
#2 D:\laragon\www\system\Database\BaseConnection.php(606): CodeIgniter\Database\BaseConnection->simpleQuery('INSERT INTO `cl...')
#3 D:\laragon\www\system\Database\BaseBuilder.php(2309): CodeIgniter\Database\BaseConnection->query('INSERT INTO `cl...', Array, false)
#4 D:\laragon\www\system\Model.php(330): CodeIgniter\Database\BaseBuilder->insert()
#5 D:\laragon\www\system\BaseModel.php(782): CodeIgniter\Model->doInsert(Array)
#6 D:\laragon\www\system\Model.php(730): CodeIgniter\BaseModel->insert(Array, true)
#7 D:\laragon\www\app\Controllers\Cliente.php(52): CodeIgniter\Model->insert(Array)
#8 D:\laragon\www\system\CodeIgniter.php(934): App\Controllers\Cliente->cadastrar()
#9 D:\laragon\www\system\CodeIgniter.php(499): CodeIgniter\CodeIgniter->runController(Object(App\Controllers\Cliente))
#10 D:\laragon\www\system\CodeIgniter.php(368): CodeIgniter\CodeIgniter->handleRequest(NULL, Object(Config\Cache), false)
#11 D:\laragon\www\public\index.php(67): CodeIgniter\CodeIgniter->run()
#12 {main}
CRITICAL - 2023-05-20 20:12:02 --> Unknown column 'atualizado_em' in 'field list'
in SYSTEMPATH\Database\MySQLi\Connection.php on line 295.
 1 SYSTEMPATH\Database\MySQLi\Connection.php(295): mysqli->query('INSERT INTO `clientes` (`nome`, `rg`, `cpf`, `data_nascimento`, `criado_em`, `atualizado_em`) VALUES (\'Chrislan machado\', \'20161012048\', \'077.536.093-78\', \'2004-08-06 00:00:00\', \'2023-05-20 20:12:02\', \'2023-05-20 20:12:02\')', 0)
 2 SYSTEMPATH\Database\BaseConnection.php(692): CodeIgniter\Database\MySQLi\Connection->execute('INSERT INTO `clientes` (`nome`, `rg`, `cpf`, `data_nascimento`, `criado_em`, `atualizado_em`) VALUES (\'Chrislan machado\', \'20161012048\', \'077.536.093-78\', \'2004-08-06 00:00:00\', \'2023-05-20 20:12:02\', \'2023-05-20 20:12:02\')')
 3 SYSTEMPATH\Database\BaseConnection.php(606): CodeIgniter\Database\BaseConnection->simpleQuery('INSERT INTO `clientes` (`nome`, `rg`, `cpf`, `data_nascimento`, `criado_em`, `atualizado_em`) VALUES (\'Chrislan machado\', \'20161012048\', \'077.536.093-78\', \'2004-08-06 00:00:00\', \'2023-05-20 20:12:02\', \'2023-05-20 20:12:02\')')
 4 SYSTEMPATH\Database\BaseBuilder.php(2309): CodeIgniter\Database\BaseConnection->query('INSERT INTO `clientes` (`nome`, `rg`, `cpf`, `data_nascimento`, `criado_em`, `atualizado_em`) VALUES (:nome:, :rg:, :cpf:, :data_nascimento:, :criado_em:, :atualizado_em:)', [...], false)
 5 SYSTEMPATH\Model.php(330): CodeIgniter\Database\BaseBuilder->insert()
 6 SYSTEMPATH\BaseModel.php(782): CodeIgniter\Model->doInsert([...])
 7 SYSTEMPATH\Model.php(730): CodeIgniter\BaseModel->insert([...], true)
 8 APPPATH\Controllers\Cliente.php(52): CodeIgniter\Model->insert([...])
 9 SYSTEMPATH\CodeIgniter.php(934): App\Controllers\Cliente->cadastrar()
10 SYSTEMPATH\CodeIgniter.php(499): CodeIgniter\CodeIgniter->runController(Object(App\Controllers\Cliente))
11 SYSTEMPATH\CodeIgniter.php(368): CodeIgniter\CodeIgniter->handleRequest(null, Object(Config\Cache), false)
12 FCPATH\index.php(67): CodeIgniter\CodeIgniter->run()
INFO - 2023-05-20 20:12:15 --> Session: Class initialized using 'CodeIgniter\Session\Handlers\FileHandler' driver.
INFO - 2023-05-20 20:12:15 --> Session: Class initialized using 'CodeIgniter\Session\Handlers\FileHandler' driver.
INFO - 2023-05-20 20:12:55 --> Session: Class initialized using 'CodeIgniter\Session\Handlers\FileHandler' driver.
INFO - 2023-05-20 20:12:55 --> Session: Class initialized using 'CodeIgniter\Session\Handlers\FileHandler' driver.
INFO - 2023-05-20 20:12:55 --> Session: Class initialized using 'CodeIgniter\Session\Handlers\FileHandler' driver.
